<?xml version="1.0" encoding="UTF-8"?>
<!-- Generated by org.testng.reporters.JUnitReportReporter -->
<testsuite skipped="0" hostname="DESKTOP-T0N1AST" name="testcases.CreatePortfolioTest" tests="1" failures="0" timestamp="09 Oct 2019 01:38:37 GMT" time="15.860" errors="0">
  <testcase name="doLogin" time="15.860" classname="testcases.CreatePortfolioTest"/>
</testsuite> <!-- testcases.CreatePortfolioTest -->
