<?xml version="1.0" encoding="UTF-8"?>
<!-- Generated by org.testng.reporters.JUnitReportReporter -->
<testsuite skipped="0" hostname="DESKTOP-T0N1AST" name="testcases.AddStockTest" tests="1" failures="0" timestamp="09 Oct 2019 01:38:37 GMT" time="18.220" errors="0">
  <testcase name="doLogin" time="18.220" classname="testcases.AddStockTest"/>
</testsuite> <!-- testcases.AddStockTest -->
